GROUP,PACKAGE,CLASS,INSTRUCTION_MISSED,INSTRUCTION_COVERED,BRANCH_MISSED,BRANCH_COVERED,LINE_MISSED,LINE_COVERED,COMPLEXITY_MISSED,COMPLEXITY_COVERED,METHOD_MISSED,METHOD_COVERED
LAB3,lab3,Volvo240,0,39,0,0,0,6,0,5,0,5
LAB3,lab3,Garage,33,91,4,12,5,20,3,11,1,5
LAB3,lab3,Vehicle,0,187,0,8,0,48,0,24,0,20
LAB3,lab3,GameObject,21,115,1,13,3,27,3,14,2,8
LAB3,lab3,VolvoFH16,25,188,5,23,3,45,5,23,1,13
LAB3,lab3,ConditionallyMovableVehicle,0,38,0,4,0,7,0,7,0,5
LAB3,lab3,Scania,0,82,0,8,0,19,0,10,0,6
LAB3,lab3,Saab95,0,48,0,2,0,8,0,7,0,6
